<?xml version="1.0" encoding="UTF-8"?>
<!-- Generated by org.testng.reporters.JUnitReportReporter -->
<testsuite hostname="Abhi" failures="0" tests="1" name="org.govstack.framework.ExtentReport" time="0.172" errors="0" timestamp="2024-05-09T23:35:17 IST" skipped="0">
  <testcase classname="org.govstack.framework.ExtentReport" name="testing" time="0.172"/>
</testsuite> <!-- org.govstack.framework.ExtentReport -->
